\BOOKMARK [0][-]{chapter.1}{Introduction}{}% 1
\BOOKMARK [1][-]{section.1.1}{The\040task}{chapter.1}% 2
\BOOKMARK [1][-]{section.1.2}{What\040is\040news?}{chapter.1}% 3
\BOOKMARK [0][-]{chapter.2}{Background}{}% 4
\BOOKMARK [1][-]{section.2.1}{The\040web}{chapter.2}% 5
\BOOKMARK [1][-]{section.2.2}{News\040aggregation}{chapter.2}% 6
\BOOKMARK [1][-]{section.2.3}{Large-scale\040information\040retrieval\040services}{chapter.2}% 7
\BOOKMARK [2][-]{subsection.2.3.1}{Google}{section.2.3}% 8
\BOOKMARK [1][-]{section.2.4}{Personalised\040search}{chapter.2}% 9
\BOOKMARK [1][-]{section.2.5}{The\040open\040corpus\040problem}{chapter.2}% 10
\BOOKMARK [1][-]{section.2.6}{Machine\040learning}{chapter.2}% 11
\BOOKMARK [2][-]{subsection.2.6.1}{Explainable\040AI}{section.2.6}% 12
\BOOKMARK [0][-]{chapter.3}{Methodology}{}% 13
\BOOKMARK [1][-]{section.3.1}{Hashing}{chapter.3}% 14
\BOOKMARK [1][-]{section.3.2}{Crawling}{chapter.3}% 15
\BOOKMARK [1][-]{section.3.3}{Compression}{chapter.3}% 16
\BOOKMARK [1][-]{section.3.4}{Intermediate\040representations}{chapter.3}% 17
\BOOKMARK [2][-]{subsection.3.4.1}{The\040sub-documents\040file}{section.3.4}% 18
\BOOKMARK [2][-]{subsection.3.4.2}{Parsing\040HTML}{section.3.4}% 19
\BOOKMARK [1][-]{section.3.5}{Data\040cleaning}{chapter.3}% 20
\BOOKMARK [2][-]{subsection.3.5.1}{Alphabet\040normalisation}{section.3.5}% 21
\BOOKMARK [2][-]{subsection.3.5.2}{Tokenisation}{section.3.5}% 22
\BOOKMARK [1][-]{section.3.6}{Machine\040learning}{chapter.3}% 23
\BOOKMARK [2][-]{subsection.3.6.1}{Decision\040trees}{section.3.6}% 24
\BOOKMARK [2][-]{subsection.3.6.2}{Bayesian\040classifiers}{section.3.6}% 25
\BOOKMARK [2][-]{subsection.3.6.3}{Feature\040engineering}{section.3.6}% 26
\BOOKMARK [2][-]{subsection.3.6.4}{Training}{section.3.6}% 27
\BOOKMARK [2][-]{subsection.3.6.5}{Predicting}{section.3.6}% 28
\BOOKMARK [1][-]{section.3.7}{Ranking}{chapter.3}% 29
\BOOKMARK [1][-]{section.3.8}{Privacy}{chapter.3}% 30
\BOOKMARK [1][-]{section.3.9}{Results\040and\040discussion}{chapter.3}% 31
\BOOKMARK [2][-]{subsection.3.9.1}{Comparison\040of\040resource\040models}{section.3.9}% 32
\BOOKMARK [1][-]{section.3.10}{Conclusion}{chapter.3}% 33
\BOOKMARK [0][-]{chapter*.4}{References}{}% 34
